23-03-29 16:01:08 - Debug Message 
23-03-29 16:01:08 - Info Message 
23-03-29 16:01:08 - Warn Message 
23-03-29 16:01:08 - error Message 
23-03-29 16:01:08 - Fatal Message 
23-03-29 16:01:42 - Employee is Found 
23-03-29 16:01:45 - Employee is Found 
23-03-29 16:01:49 - Employee Not Found 
23-03-29 16:01:55 - Employee List is Found 
23-03-29 16:56:41 - Debug Message 
23-03-29 16:56:41 - Info Message 
23-03-29 16:56:41 - Warn Message 
23-03-29 16:56:41 - error Message 
23-03-29 16:56:41 - Fatal Message 
23-03-29 16:57:31 - Debug Message 
23-03-29 16:57:31 - Info Message 
23-03-29 16:57:31 - Warn Message 
23-03-29 16:57:31 - error Message 
23-03-29 16:57:31 - Fatal Message 
23-03-29 16:57:52 - Debug Message 
23-03-29 16:57:52 - Info Message 
23-03-29 16:57:52 - Warn Message 
23-03-29 16:57:52 - error Message 
23-03-29 16:57:52 - Fatal Message 
23-03-29 16:59:33 - Debug Message 
23-03-29 16:59:33 - Info Message 
23-03-29 16:59:33 - Warn Message 
23-03-29 16:59:33 - error Message 
23-03-29 16:59:33 - Fatal Message 
23-03-29 17:00:51 - Employee is Found 
23-03-29 18:24:32 - Debug Message 
23-03-29 18:24:32 - Info Message 
23-03-29 18:24:32 - Warn Message 
23-03-29 18:24:32 - error Message 
23-03-29 18:24:32 - Fatal Message 
23-03-29 18:25:13 - Employee is Found 
23-03-29 18:25:17 - Employee Not Found 
23-03-29 18:26:19 - Debug Message 
23-03-29 18:26:19 - Info Message 
23-03-29 18:26:19 - Warn Message 
23-03-29 18:26:19 - error Message 
23-03-29 18:26:19 - Fatal Message 
23-03-29 18:26:55 - Employee is Found 
23-03-29 18:27:00 - Employee Not Found 
23-03-29 18:29:25 - Debug Message 
23-03-29 18:29:25 - Info Message 
23-03-29 18:29:25 - Warn Message 
23-03-29 18:29:25 - error Message 
23-03-29 18:29:25 - Fatal Message 
23-03-29 18:29:41 - Debug Message 
23-03-29 18:29:41 - Info Message 
23-03-29 18:29:41 - Warn Message 
23-03-29 18:29:41 - error Message 
23-03-29 18:29:41 - Fatal Message 
23-03-29 18:29:52 - Employee is Found 
23-03-29 18:29:56 - Employee Not Found 
23-03-29 18:31:50 - Debug Message 
23-03-29 18:31:50 - Info Message 
23-03-29 18:31:50 - Warn Message 
23-03-29 18:31:50 - error Message 
23-03-29 18:31:50 - Fatal Message 
23-03-29 18:32:01 - Employee is Found 
23-03-29 18:32:04 - Employee Not Found 
23-03-29 18:34:25 - Debug Message 
23-03-29 18:34:25 - Info Message 
23-03-29 18:34:25 - Warn Message 
23-03-29 18:34:25 - error Message 
23-03-29 18:34:25 - Fatal Message 
23-03-29 18:34:33 - Employee is Found 
23-03-29 18:34:36 - Employee Not Found 
23-03-29 18:36:05 - Debug Message 
23-03-29 18:36:05 - Info Message 
23-03-29 18:36:05 - Warn Message 
23-03-29 18:36:05 - error Message 
23-03-29 18:36:05 - Fatal Message 
23-03-29 19:04:09 - Debug Message 
23-03-29 19:04:09 - Info Message 
23-03-29 19:04:09 - Warn Message 
23-03-29 19:04:09 - error Message 
23-03-29 19:04:09 - Fatal Message 
23-03-29 19:04:21 - Employee List is Found 
23-03-29 20:23:06 - Employee List is Found 
23-04-02 19:51:27 - Employee List is Found 
23-04-02 19:51:33 - Employee List is Found 
23-04-03 15:23:08 - Employee List is Found 
23-04-03 18:49:35 - Employee List is Found 
